# JRE version: OpenJDK Runtime Environment AdoptOpenJDK-16.0.1+9 (16.0.1+9) (build 16.0.1+9)
# Java VM: OpenJDK 64-Bit Server VM AdoptOpenJDK-16.0.1+9 (16.0.1+9, mixed mode, sharing, tiered, compressed oops, compressed class ptrs, g1 gc, windows-amd64)
GC Precious Log:
 CPUs: 6 total, 6 available
 Memory: 16219M
 Large Page Support: Disabled
 NUMA Support: Disabled
 Compressed Oops: Enabled (32-bit)
 Heap Region Size: 1M
 Heap Min Capacity: 256M
 Heap Initial Capacity: 256M
 Heap Max Capacity: 512M
 Pre-touch: Disabled
 Parallel Workers: 6
 Concurrent Workers: 2
 Concurrent Refinement Workers: 6
 Periodic GC: Disabled
Heap:
 garbage-first heap   total 262144K, used 80868K [0x00000000e0000000, 0x0000000100000000)
  region size 1024K, 41 young (41984K), 4 survivors (4096K)
 Metaspace       used 60079K, committed 60672K, reserved 270336K
  class space    used 8235K, committed 8512K, reserved 212992K
GC Heap History (12 events):
Event: 0.400 GC heap before
{Heap before GC invocations=0 (full 0):
 garbage-first heap   total 262144K, used 26624K [0x00000000e0000000, 0x0000000100000000)
  region size 1024K, 21 young (21504K), 0 survivors (0K)
 Metaspace       used 3099K, committed 3264K, reserved 221184K
  class space    used 372K, committed 448K, reserved 212992K
}
Event: 0.402 GC heap after
{Heap after GC invocations=1 (full 0):
 garbage-first heap   total 262144K, used 9081K [0x00000000e0000000, 0x0000000100000000)
  region size 1024K, 3 young (3072K), 3 survivors (3072K)
 Metaspace       used 3099K, committed 3264K, reserved 221184K
  class space    used 372K, committed 448K, reserved 212992K
}
Event: 0.650 GC heap before
{Heap before GC invocations=1 (full 0):
 garbage-first heap   total 262144K, used 31609K [0x00000000e0000000, 0x0000000100000000)
  region size 1024K, 26 young (26624K), 3 survivors (3072K)
 Metaspace       used 4115K, committed 4288K, reserved 221184K
  class space    used 481K, committed 576K, reserved 212992K
}
Event: 0.652 GC heap after
{Heap after GC invocations=2 (full 0):
 garbage-first heap   total 262144K, used 9747K [0x00000000e0000000, 0x0000000100000000)
  region size 1024K, 1 young (1024K), 1 survivors (1024K)
 Metaspace       used 4115K, committed 4288K, reserved 221184K
  class space    used 481K, committed 576K, reserved 212992K
}
Event: 1.971 GC heap before
{Heap before GC invocations=2 (full 0):
 garbage-first heap   total 262144K, used 120339K [0x00000000e0000000, 0x0000000100000000)
  region size 1024K, 110 young (112640K), 1 survivors (1024K)
 Metaspace       used 20955K, committed 21248K, reserved 237568K
  class space    used 3025K, committed 3200K, reserved 212992K
}
Event: 1.976 GC heap after
{Heap after GC invocations=3 (full 0):
 garbage-first heap   total 262144K, used 19790K [0x00000000e0000000, 0x0000000100000000)
  region size 1024K, 11 young (11264K), 11 survivors (11264K)
 Metaspace       used 20955K, committed 21248K, reserved 237568K
  class space    used 3025K, committed 3200K, reserved 212992K
}
Event: 2.971 GC heap before
{Heap before GC invocations=4 (full 0):
 garbage-first heap   total 262144K, used 123214K [0x00000000e0000000, 0x0000000100000000)
  region size 1024K, 110 young (112640K), 11 survivors (11264K)
 Metaspace       used 35188K, committed 35520K, reserved 245760K
  class space    used 4764K, committed 4928K, reserved 212992K
}
Event: 2.979 GC heap after
{Heap after GC invocations=5 (full 0):
 garbage-first heap   total 262144K, used 29560K [0x00000000e0000000, 0x0000000100000000)
  region size 1024K, 19 young (19456K), 19 survivors (19456K)
 Metaspace       used 35188K, committed 35520K, reserved 245760K
  class space    used 4764K, committed 4928K, reserved 212992K
}
Event: 4.616 GC heap before
{Heap before GC invocations=6 (full 0):
 garbage-first heap   total 262144K, used 166776K [0x00000000e0000000, 0x0000000100000000)
  region size 1024K, 153 young (156672K), 19 survivors (19456K)
 Metaspace       used 51127K, committed 51648K, reserved 262144K
  class space    used 7161K, committed 7424K, reserved 212992K
}
Event: 4.630 GC heap after
{Heap after GC invocations=7 (full 0):
 garbage-first heap   total 262144K, used 40874K [0x00000000e0000000, 0x0000000100000000)
  region size 1024K, 20 young (20480K), 20 survivors (20480K)
 Metaspace       used 51127K, committed 51648K, reserved 262144K
  class space    used 7161K, committed 7424K, reserved 212992K
}
Event: 6.315 GC heap before
{Heap before GC invocations=7 (full 0):
 garbage-first heap   total 262144K, used 77738K [0x00000000e0000000, 0x0000000100000000)
  region size 1024K, 58 young (59392K), 20 survivors (20480K)
 Metaspace       used 58913K, committed 59456K, reserved 270336K
  class space    used 8162K, committed 8448K, reserved 212992K
}
Event: 6.325 GC heap after
{Heap after GC invocations=8 (full 0):
 garbage-first heap   total 262144K, used 44004K [0x00000000e0000000, 0x0000000100000000)
  region size 1024K, 4 young (4096K), 4 survivors (4096K)
 Metaspace       used 58913K, committed 59456K, reserved 270336K
  class space    used 8162K, committed 8448K, reserved 212992K
}

