# JRE version: OpenJDK Runtime Environment AdoptOpenJDK-16.0.1+9 (16.0.1+9) (build 16.0.1+9)
# Java VM: OpenJDK 64-Bit Server VM AdoptOpenJDK-16.0.1+9 (16.0.1+9, mixed mode, sharing, tiered, compressed oops, compressed class ptrs, g1 gc, windows-amd64)
GC Precious Log:
 CPUs: 6 total, 6 available
 Memory: 16219M
 Large Page Support: Disabled
 NUMA Support: Disabled
 Compressed Oops: Enabled (32-bit)
 Heap Region Size: 1M
 Heap Min Capacity: 256M
 Heap Initial Capacity: 256M
 Heap Max Capacity: 512M
 Pre-touch: Disabled
 Parallel Workers: 6
 Concurrent Workers: 2
 Concurrent Refinement Workers: 6
 Periodic GC: Disabled
Heap:
 garbage-first heap   total 262144K, used 167820K [0x00000000e0000000, 0x0000000100000000)
  region size 1024K, 146 young (149504K), 20 survivors (20480K)
 Metaspace       used 56975K, committed 57600K, reserved 270336K
  class space    used 7618K, committed 7936K, reserved 212992K
GC Heap History (10 events):
Event: 0.443 GC heap before
{Heap before GC invocations=0 (full 0):
 garbage-first heap   total 262144K, used 26624K [0x00000000e0000000, 0x0000000100000000)
  region size 1024K, 21 young (21504K), 0 survivors (0K)
 Metaspace       used 3190K, committed 3328K, reserved 221184K
  class space    used 384K, committed 448K, reserved 212992K
}
Event: 0.446 GC heap after
{Heap after GC invocations=1 (full 0):
 garbage-first heap   total 262144K, used 9105K [0x00000000e0000000, 0x0000000100000000)
  region size 1024K, 3 young (3072K), 3 survivors (3072K)
 Metaspace       used 3190K, committed 3328K, reserved 221184K
  class space    used 384K, committed 448K, reserved 212992K
}
Event: 0.684 GC heap before
{Heap before GC invocations=1 (full 0):
 garbage-first heap   total 262144K, used 32657K [0x00000000e0000000, 0x0000000100000000)
  region size 1024K, 27 young (27648K), 3 survivors (3072K)
 Metaspace       used 4135K, committed 4288K, reserved 221184K
  class space    used 481K, committed 576K, reserved 212992K
}
Event: 0.686 GC heap after
{Heap after GC invocations=2 (full 0):
 garbage-first heap   total 262144K, used 9834K [0x00000000e0000000, 0x0000000100000000)
  region size 1024K, 1 young (1024K), 1 survivors (1024K)
 Metaspace       used 4135K, committed 4288K, reserved 221184K
  class space    used 481K, committed 576K, reserved 212992K
}
Event: 2.194 GC heap before
{Heap before GC invocations=2 (full 0):
 garbage-first heap   total 262144K, used 119402K [0x00000000e0000000, 0x0000000100000000)
  region size 1024K, 109 young (111616K), 1 survivors (1024K)
 Metaspace       used 20960K, committed 21248K, reserved 237568K
  class space    used 3026K, committed 3200K, reserved 212992K
}
Event: 2.200 GC heap after
{Heap after GC invocations=3 (full 0):
 garbage-first heap   total 262144K, used 19706K [0x00000000e0000000, 0x0000000100000000)
  region size 1024K, 11 young (11264K), 11 survivors (11264K)
 Metaspace       used 20960K, committed 21248K, reserved 237568K
  class space    used 3026K, committed 3200K, reserved 212992K
}
Event: 3.331 GC heap before
{Heap before GC invocations=4 (full 0):
 garbage-first heap   total 262144K, used 120058K [0x00000000e0000000, 0x0000000100000000)
  region size 1024K, 107 young (109568K), 11 survivors (11264K)
 Metaspace       used 35121K, committed 35520K, reserved 245760K
  class space    used 4648K, committed 4864K, reserved 212992K
}
Event: 3.338 GC heap after
{Heap after GC invocations=5 (full 0):
 garbage-first heap   total 262144K, used 28583K [0x00000000e0000000, 0x0000000100000000)
  region size 1024K, 9 young (9216K), 9 survivors (9216K)
 Metaspace       used 35121K, committed 35520K, reserved 245760K
  class space    used 4648K, committed 4864K, reserved 212992K
}
Event: 382.901 GC heap before
{Heap before GC invocations=6 (full 0):
 garbage-first heap   total 262144K, used 176039K [0x00000000e0000000, 0x0000000100000000)
  region size 1024K, 153 young (156672K), 9 survivors (9216K)
 Metaspace       used 54279K, committed 54784K, reserved 262144K
  class space    used 7371K, committed 7616K, reserved 212992K
}
Event: 382.915 GC heap after
{Heap after GC invocations=7 (full 0):
 garbage-first heap   total 262144K, used 40844K [0x00000000e0000000, 0x0000000100000000)
  region size 1024K, 20 young (20480K), 20 survivors (20480K)
 Metaspace       used 54279K, committed 54784K, reserved 262144K
  class space    used 7371K, committed 7616K, reserved 212992K
}

