# JRE version: OpenJDK Runtime Environment (11.0.10) (build 11.0.10+0-b96-7249189)
# Java VM: OpenJDK 64-Bit Server VM (11.0.10+0-b96-7249189, mixed mode, tiered, compressed oops, g1 gc, windows-amd64)
Heap:
 garbage-first heap   total 260096K, used 185136K [0x0000000080000000, 0x0000000100000000)
  region size 1024K, 97 young (99328K), 4 survivors (4096K)
 Metaspace       used 92298K, capacity 94671K, committed 94924K, reserved 1132544K
  class space    used 11453K, capacity 12285K, committed 12288K, reserved 1048576K
GC Heap History (20 events):
Event: 1.107 GC heap before
{Heap before GC invocations=2 (full 0):
 garbage-first heap   total 260096K, used 47862K [0x0000000080000000, 0x0000000100000000)
  region size 1024K, 38 young (38912K), 1 survivors (1024K)
 Metaspace       used 15481K, capacity 15855K, committed 16000K, reserved 1062912K
  class space    used 1762K, capacity 1867K, committed 1920K, reserved 1048576K
}
Event: 1.109 GC heap after
{Heap after GC invocations=3 (full 0):
 garbage-first heap   total 260096K, used 15325K [0x0000000080000000, 0x0000000100000000)
  region size 1024K, 5 young (5120K), 5 survivors (5120K)
 Metaspace       used 15481K, capacity 15855K, committed 16000K, reserved 1062912K
  class space    used 1762K, capacity 1867K, committed 1920K, reserved 1048576K
}
Event: 1.449 GC heap before
{Heap before GC invocations=3 (full 0):
 garbage-first heap   total 260096K, used 51165K [0x0000000080000000, 0x0000000100000000)
  region size 1024K, 41 young (41984K), 5 survivors (5120K)
 Metaspace       used 20523K, capacity 21088K, committed 21248K, reserved 1067008K
  class space    used 2505K, capacity 2690K, committed 2816K, reserved 1048576K
}
Event: 1.454 GC heap after
{Heap after GC invocations=4 (full 0):
 garbage-first heap   total 260096K, used 16852K [0x0000000080000000, 0x0000000100000000)
  region size 1024K, 2 young (2048K), 2 survivors (2048K)
 Metaspace       used 20523K, capacity 21088K, committed 21248K, reserved 1067008K
  class space    used 2505K, capacity 2690K, committed 2816K, reserved 1048576K
}
Event: 1.983 GC heap before
{Heap before GC invocations=5 (full 0):
 garbage-first heap   total 260096K, used 81364K [0x0000000080000000, 0x0000000100000000)
  region size 1024K, 65 young (66560K), 2 survivors (2048K)
 Metaspace       used 26589K, capacity 27265K, committed 27392K, reserved 1073152K
  class space    used 3506K, capacity 3757K, committed 3840K, reserved 1048576K
}
Event: 1.986 GC heap after
{Heap after GC invocations=6 (full 0):
 garbage-first heap   total 260096K, used 18866K [0x0000000080000000, 0x0000000100000000)
  region size 1024K, 4 young (4096K), 4 survivors (4096K)
 Metaspace       used 26589K, capacity 27265K, committed 27392K, reserved 1073152K
  class space    used 3506K, capacity 3757K, committed 3840K, reserved 1048576K
}
Event: 2.464 GC heap before
{Heap before GC invocations=6 (full 0):
 garbage-first heap   total 260096K, used 64946K [0x0000000080000000, 0x0000000100000000)
  region size 1024K, 51 young (52224K), 4 survivors (4096K)
 Metaspace       used 34998K, capacity 35790K, committed 35840K, reserved 1081344K
  class space    used 4543K, capacity 4832K, committed 4864K, reserved 1048576K
}
Event: 2.470 GC heap after
{Heap after GC invocations=7 (full 0):
 garbage-first heap   total 260096K, used 22255K [0x0000000080000000, 0x0000000100000000)
  region size 1024K, 7 young (7168K), 7 survivors (7168K)
 Metaspace       used 34998K, capacity 35790K, committed 35840K, reserved 1081344K
  class space    used 4543K, capacity 4832K, committed 4864K, reserved 1048576K
}
Event: 3.420 GC heap before
{Heap before GC invocations=8 (full 0):
 garbage-first heap   total 260096K, used 148207K [0x0000000080000000, 0x0000000100000000)
  region size 1024K, 127 young (130048K), 7 survivors (7168K)
 Metaspace       used 44780K, capacity 45900K, committed 46208K, reserved 1089536K
  class space    used 5764K, capacity 6147K, committed 6272K, reserved 1048576K
}
Event: 3.427 GC heap after
{Heap after GC invocations=9 (full 0):
 garbage-first heap   total 260096K, used 29097K [0x0000000080000000, 0x0000000100000000)
  region size 1024K, 14 young (14336K), 14 survivors (14336K)
 Metaspace       used 44780K, capacity 45900K, committed 46208K, reserved 1089536K
  class space    used 5764K, capacity 6147K, committed 6272K, reserved 1048576K
}
Event: 4.798 GC heap before
{Heap before GC invocations=9 (full 0):
 garbage-first heap   total 260096K, used 163241K [0x0000000080000000, 0x0000000100000000)
  region size 1024K, 143 young (146432K), 14 survivors (14336K)
 Metaspace       used 58579K, capacity 60081K, committed 60160K, reserved 1101824K
  class space    used 7405K, capacity 7930K, committed 7936K, reserved 1048576K
}
Event: 4.816 GC heap after
{Heap after GC invocations=10 (full 0):
 garbage-first heap   total 260096K, used 43551K [0x0000000080000000, 0x0000000100000000)
  region size 1024K, 18 young (18432K), 18 survivors (18432K)
 Metaspace       used 58579K, capacity 60081K, committed 60160K, reserved 1101824K
  class space    used 7405K, capacity 7930K, committed 7936K, reserved 1048576K
}
Event: 5.856 GC heap before
{Heap before GC invocations=11 (full 0):
 garbage-first heap   total 260096K, used 180767K [0x0000000080000000, 0x0000000100000000)
  region size 1024K, 152 young (155648K), 18 survivors (18432K)
 Metaspace       used 70798K, capacity 72427K, committed 72780K, reserved 1112064K
  class space    used 9143K, capacity 9736K, committed 9856K, reserved 1048576K
}
Event: 5.870 GC heap after
{Heap after GC invocations=12 (full 0):
 garbage-first heap   total 260096K, used 54272K [0x0000000080000000, 0x0000000100000000)
  region size 1024K, 11 young (11264K), 11 survivors (11264K)
 Metaspace       used 70798K, capacity 72427K, committed 72780K, reserved 1112064K
  class space    used 9143K, capacity 9736K, committed 9856K, reserved 1048576K
}
Event: 7.313 GC heap before
{Heap before GC invocations=12 (full 0):
 garbage-first heap   total 260096K, used 193536K [0x0000000080000000, 0x0000000100000000)
  region size 1024K, 148 young (151552K), 11 survivors (11264K)
 Metaspace       used 81438K, capacity 83550K, committed 83788K, reserved 1122304K
  class space    used 10543K, capacity 11325K, committed 11392K, reserved 1048576K
}
Event: 7.323 GC heap after
{Heap after GC invocations=13 (full 0):
 garbage-first heap   total 260096K, used 65260K [0x0000000080000000, 0x0000000100000000)
  region size 1024K, 11 young (11264K), 11 survivors (11264K)
 Metaspace       used 81438K, capacity 83550K, committed 83788K, reserved 1122304K
  class space    used 10543K, capacity 11325K, committed 11392K, reserved 1048576K
}
Event: 20.126 GC heap before
{Heap before GC invocations=13 (full 0):
 garbage-first heap   total 260096K, used 210668K [0x0000000080000000, 0x0000000100000000)
  region size 1024K, 143 young (146432K), 11 survivors (11264K)
 Metaspace       used 83865K, capacity 86041K, committed 86348K, reserved 1124352K
  class space    used 10796K, capacity 11578K, committed 11648K, reserved 1048576K
}
Event: 20.142 GC heap after
{Heap after GC invocations=14 (full 0):
 garbage-first heap   total 260096K, used 87391K [0x0000000080000000, 0x0000000100000000)
  region size 1024K, 18 young (18432K), 18 survivors (18432K)
 Metaspace       used 83865K, capacity 86041K, committed 86348K, reserved 1124352K
  class space    used 10796K, capacity 11578K, committed 11648K, reserved 1048576K
}
Event: 22.882 GC heap before
{Heap before GC invocations=14 (full 0):
 garbage-first heap   total 260096K, used 210271K [0x0000000080000000, 0x0000000100000000)
  region size 1024K, 124 young (126976K), 18 survivors (18432K)
 Metaspace       used 87866K, capacity 90085K, committed 90188K, reserved 1128448K
  class space    used 11093K, capacity 11893K, committed 11904K, reserved 1048576K
}
Event: 22.898 GC heap after
{Heap after GC invocations=15 (full 0):
 garbage-first heap   total 260096K, used 91952K [0x0000000080000000, 0x0000000100000000)
  region size 1024K, 4 young (4096K), 4 survivors (4096K)
 Metaspace       used 87866K, capacity 90085K, committed 90188K, reserved 1128448K
  class space    used 11093K, capacity 11893K, committed 11904K, reserved 1048576K
}

