# JRE version: OpenJDK Runtime Environment AdoptOpenJDK-16.0.1+9 (16.0.1+9) (build 16.0.1+9)
# Java VM: OpenJDK 64-Bit Server VM AdoptOpenJDK-16.0.1+9 (16.0.1+9, mixed mode, sharing, tiered, compressed oops, compressed class ptrs, g1 gc, windows-amd64)
GC Precious Log:
 CPUs: 6 total, 6 available
 Memory: 16219M
 Large Page Support: Disabled
 NUMA Support: Disabled
 Compressed Oops: Enabled (32-bit)
 Heap Region Size: 1M
 Heap Min Capacity: 256M
 Heap Initial Capacity: 256M
 Heap Max Capacity: 512M
 Pre-touch: Disabled
 Parallel Workers: 6
 Concurrent Workers: 2
 Concurrent Refinement Workers: 6
 Periodic GC: Disabled
Heap:
 garbage-first heap   total 262144K, used 95076K [0x00000000e0000000, 0x0000000100000000)
  region size 1024K, 53 young (54272K), 6 survivors (6144K)
 Metaspace       used 59142K, committed 59712K, reserved 270336K
  class space    used 7654K, committed 7936K, reserved 212992K
GC Heap History (14 events):
Event: 0.407 GC heap before
{Heap before GC invocations=0 (full 0):
 garbage-first heap   total 262144K, used 26624K [0x00000000e0000000, 0x0000000100000000)
  region size 1024K, 21 young (21504K), 0 survivors (0K)
 Metaspace       used 3191K, committed 3328K, reserved 221184K
  class space    used 384K, committed 448K, reserved 212992K
}
Event: 0.409 GC heap after
{Heap after GC invocations=1 (full 0):
 garbage-first heap   total 262144K, used 9583K [0x00000000e0000000, 0x0000000100000000)
  region size 1024K, 3 young (3072K), 3 survivors (3072K)
 Metaspace       used 3191K, committed 3328K, reserved 221184K
  class space    used 384K, committed 448K, reserved 212992K
}
Event: 0.652 GC heap before
{Heap before GC invocations=1 (full 0):
 garbage-first heap   total 262144K, used 34159K [0x00000000e0000000, 0x0000000100000000)
  region size 1024K, 27 young (27648K), 3 survivors (3072K)
 Metaspace       used 4116K, committed 4288K, reserved 221184K
  class space    used 481K, committed 576K, reserved 212992K
}
Event: 0.654 GC heap after
{Heap after GC invocations=2 (full 0):
 garbage-first heap   total 262144K, used 9800K [0x00000000e0000000, 0x0000000100000000)
  region size 1024K, 1 young (1024K), 1 survivors (1024K)
 Metaspace       used 4116K, committed 4288K, reserved 221184K
  class space    used 481K, committed 576K, reserved 212992K
}
Event: 2.007 GC heap before
{Heap before GC invocations=2 (full 0):
 garbage-first heap   total 262144K, used 119368K [0x00000000e0000000, 0x0000000100000000)
  region size 1024K, 109 young (111616K), 1 survivors (1024K)
 Metaspace       used 20940K, committed 21248K, reserved 237568K
  class space    used 3023K, committed 3200K, reserved 212992K
}
Event: 2.012 GC heap after
{Heap after GC invocations=3 (full 0):
 garbage-first heap   total 262144K, used 19751K [0x00000000e0000000, 0x0000000100000000)
  region size 1024K, 11 young (11264K), 11 survivors (11264K)
 Metaspace       used 20940K, committed 21248K, reserved 237568K
  class space    used 3023K, committed 3200K, reserved 212992K
}
Event: 2.966 GC heap before
{Heap before GC invocations=4 (full 0):
 garbage-first heap   total 262144K, used 121127K [0x00000000e0000000, 0x0000000100000000)
  region size 1024K, 108 young (110592K), 11 survivors (11264K)
 Metaspace       used 35165K, committed 35520K, reserved 245760K
  class space    used 4652K, committed 4864K, reserved 212992K
}
Event: 2.974 GC heap after
{Heap after GC invocations=5 (full 0):
 garbage-first heap   total 262144K, used 27996K [0x00000000e0000000, 0x0000000100000000)
  region size 1024K, 18 young (18432K), 18 survivors (18432K)
 Metaspace       used 35165K, committed 35520K, reserved 245760K
  class space    used 4652K, committed 4864K, reserved 212992K
}
Event: 4.873 GC heap before
{Heap before GC invocations=6 (full 0):
 garbage-first heap   total 262144K, used 165212K [0x00000000e0000000, 0x0000000100000000)
  region size 1024K, 153 young (156672K), 18 survivors (18432K)
 Metaspace       used 53702K, committed 54208K, reserved 262144K
  class space    used 7310K, committed 7552K, reserved 212992K
}
Event: 4.887 GC heap after
{Heap after GC invocations=7 (full 0):
 garbage-first heap   total 262144K, used 44465K [0x00000000e0000000, 0x0000000100000000)
  region size 1024K, 20 young (20480K), 20 survivors (20480K)
 Metaspace       used 53702K, committed 54208K, reserved 262144K
  class space    used 7310K, committed 7552K, reserved 212992K
}
Event: 373.820 GC heap before
{Heap before GC invocations=7 (full 0):
 garbage-first heap   total 262144K, used 158129K [0x00000000e0000000, 0x0000000100000000)
  region size 1024K, 132 young (135168K), 20 survivors (20480K)
 Metaspace       used 57654K, committed 58176K, reserved 270336K
  class space    used 7642K, committed 7872K, reserved 212992K
}
Event: 373.833 GC heap after
{Heap after GC invocations=8 (full 0):
 garbage-first heap   total 262144K, used 51961K [0x00000000e0000000, 0x0000000100000000)
  region size 1024K, 9 young (9216K), 9 survivors (9216K)
 Metaspace       used 57654K, committed 58176K, reserved 270336K
  class space    used 7642K, committed 7872K, reserved 212992K
}
Event: 1177.432 GC heap before
{Heap before GC invocations=8 (full 0):
 garbage-first heap   total 262144K, used 173817K [0x00000000e0000000, 0x0000000100000000)
  region size 1024K, 130 young (133120K), 9 survivors (9216K)
 Metaspace       used 58876K, committed 59456K, reserved 270336K
  class space    used 7671K, committed 7936K, reserved 212992K
}
Event: 1177.437 GC heap after
{Heap after GC invocations=9 (full 0):
 garbage-first heap   total 262144K, used 48996K [0x00000000e0000000, 0x0000000100000000)
  region size 1024K, 6 young (6144K), 6 survivors (6144K)
 Metaspace       used 58876K, committed 59456K, reserved 270336K
  class space    used 7671K, committed 7936K, reserved 212992K
}

