# JRE version: OpenJDK Runtime Environment AdoptOpenJDK-16.0.1+9 (16.0.1+9) (build 16.0.1+9)
# Java VM: OpenJDK 64-Bit Server VM AdoptOpenJDK-16.0.1+9 (16.0.1+9, mixed mode, sharing, tiered, compressed oops, compressed class ptrs, g1 gc, windows-amd64)
GC Precious Log:
 CPUs: 6 total, 6 available
 Memory: 16219M
 Large Page Support: Disabled
 NUMA Support: Disabled
 Compressed Oops: Enabled (32-bit)
 Heap Region Size: 1M
 Heap Min Capacity: 256M
 Heap Initial Capacity: 256M
 Heap Max Capacity: 512M
 Pre-touch: Disabled
 Parallel Workers: 6
 Concurrent Workers: 2
 Concurrent Refinement Workers: 6
 Periodic GC: Disabled
Heap:
 garbage-first heap   total 262144K, used 66413K [0x00000000e0000000, 0x0000000100000000)
  region size 1024K, 23 young (23552K), 9 survivors (9216K)
 Metaspace       used 64409K, committed 65024K, reserved 270336K
  class space    used 8526K, committed 8832K, reserved 212992K
GC Heap History (20 events):
Event: 0.691 GC heap before
{Heap before GC invocations=1 (full 0):
 garbage-first heap   total 262144K, used 34128K [0x00000000e0000000, 0x0000000100000000)
  region size 1024K, 27 young (27648K), 3 survivors (3072K)
 Metaspace       used 4130K, committed 4288K, reserved 221184K
  class space    used 480K, committed 576K, reserved 212992K
}
Event: 0.693 GC heap after
{Heap after GC invocations=2 (full 0):
 garbage-first heap   total 262144K, used 9842K [0x00000000e0000000, 0x0000000100000000)
  region size 1024K, 1 young (1024K), 1 survivors (1024K)
 Metaspace       used 4130K, committed 4288K, reserved 221184K
  class space    used 480K, committed 576K, reserved 212992K
}
Event: 2.248 GC heap before
{Heap before GC invocations=2 (full 0):
 garbage-first heap   total 262144K, used 119410K [0x00000000e0000000, 0x0000000100000000)
  region size 1024K, 109 young (111616K), 1 survivors (1024K)
 Metaspace       used 20980K, committed 21248K, reserved 237568K
  class space    used 3038K, committed 3200K, reserved 212992K
}
Event: 2.255 GC heap after
{Heap after GC invocations=3 (full 0):
 garbage-first heap   total 262144K, used 19742K [0x00000000e0000000, 0x0000000100000000)
  region size 1024K, 11 young (11264K), 11 survivors (11264K)
 Metaspace       used 20980K, committed 21248K, reserved 237568K
  class space    used 3038K, committed 3200K, reserved 212992K
}
Event: 3.194 GC heap before
{Heap before GC invocations=4 (full 0):
 garbage-first heap   total 262144K, used 147742K [0x00000000e0000000, 0x0000000100000000)
  region size 1024K, 134 young (137216K), 11 survivors (11264K)
 Metaspace       used 33299K, committed 33664K, reserved 245760K
  class space    used 4501K, committed 4672K, reserved 212992K
}
Event: 3.208 GC heap after
{Heap after GC invocations=5 (full 0):
 garbage-first heap   total 262144K, used 30065K [0x00000000e0000000, 0x0000000100000000)
  region size 1024K, 10 young (10240K), 10 survivors (10240K)
 Metaspace       used 33299K, committed 33664K, reserved 245760K
  class space    used 4501K, committed 4672K, reserved 212992K
}
Event: 3.683 GC heap before
{Heap before GC invocations=5 (full 0):
 garbage-first heap   total 262144K, used 138609K [0x00000000e0000000, 0x0000000100000000)
  region size 1024K, 118 young (120832K), 10 survivors (10240K)
 Metaspace       used 35194K, committed 35520K, reserved 245760K
  class space    used 4672K, committed 4800K, reserved 212992K
}
Event: 3.691 GC heap after
{Heap after GC invocations=6 (full 0):
 garbage-first heap   total 262144K, used 33944K [0x00000000e0000000, 0x0000000100000000)
  region size 1024K, 14 young (14336K), 14 survivors (14336K)
 Metaspace       used 35194K, committed 35520K, reserved 245760K
  class space    used 4672K, committed 4800K, reserved 212992K
}
Event: 5.430 GC heap before
{Heap before GC invocations=7 (full 0):
 garbage-first heap   total 262144K, used 176280K [0x00000000e0000000, 0x0000000100000000)
  region size 1024K, 153 young (156672K), 14 survivors (14336K)
 Metaspace       used 50499K, committed 50944K, reserved 262144K
  class space    used 6798K, committed 6976K, reserved 212992K
}
Event: 5.442 GC heap after
{Heap after GC invocations=8 (full 0):
 garbage-first heap   total 262144K, used 44160K [0x00000000e0000000, 0x0000000100000000)
  region size 1024K, 16 young (16384K), 16 survivors (16384K)
 Metaspace       used 50499K, committed 50944K, reserved 262144K
  class space    used 6798K, committed 6976K, reserved 212992K
}
Event: 6.611 GC heap before
{Heap before GC invocations=8 (full 0):
 garbage-first heap   total 262144K, used 183424K [0x00000000e0000000, 0x0000000100000000)
  region size 1024K, 153 young (156672K), 16 survivors (16384K)
 Metaspace       used 58679K, committed 59200K, reserved 270336K
  class space    used 7883K, committed 8128K, reserved 212992K
}
Event: 6.620 GC heap after
{Heap after GC invocations=9 (full 0):
 garbage-first heap   total 262144K, used 50523K [0x00000000e0000000, 0x0000000100000000)
  region size 1024K, 16 young (16384K), 16 survivors (16384K)
 Metaspace       used 58679K, committed 59200K, reserved 270336K
  class space    used 7883K, committed 8128K, reserved 212992K
}
Event: 6.662 GC heap before
{Heap before GC invocations=9 (full 0):
 garbage-first heap   total 262144K, used 53595K [0x00000000e0000000, 0x0000000100000000)
  region size 1024K, 20 young (20480K), 16 survivors (16384K)
 Metaspace       used 58977K, committed 59456K, reserved 270336K
  class space    used 7927K, committed 8192K, reserved 212992K
}
Event: 6.668 GC heap after
{Heap after GC invocations=10 (full 0):
 garbage-first heap   total 262144K, used 51626K [0x00000000e0000000, 0x0000000100000000)
  region size 1024K, 7 young (7168K), 7 survivors (7168K)
 Metaspace       used 58977K, committed 59456K, reserved 270336K
  class space    used 7927K, committed 8192K, reserved 212992K
}
Event: 7.398 GC heap before
{Heap before GC invocations=11 (full 0):
 garbage-first heap   total 262144K, used 200106K [0x00000000e0000000, 0x0000000100000000)
  region size 1024K, 153 young (156672K), 7 survivors (7168K)
 Metaspace       used 60534K, committed 60992K, reserved 270336K
  class space    used 8093K, committed 8320K, reserved 212992K
}
Event: 7.404 GC heap after
{Heap after GC invocations=12 (full 0):
 garbage-first heap   total 262144K, used 54379K [0x00000000e0000000, 0x0000000100000000)
  region size 1024K, 10 young (10240K), 10 survivors (10240K)
 Metaspace       used 60534K, committed 60992K, reserved 270336K
  class space    used 8093K, committed 8320K, reserved 212992K
}
Event: 3553.907 GC heap before
{Heap before GC invocations=12 (full 0):
 garbage-first heap   total 262144K, used 199787K [0x00000000e0000000, 0x0000000100000000)
  region size 1024K, 153 young (156672K), 10 survivors (10240K)
 Metaspace       used 62247K, committed 62784K, reserved 270336K
  class space    used 8254K, committed 8512K, reserved 212992K
}
Event: 3553.916 GC heap after
{Heap after GC invocations=13 (full 0):
 garbage-first heap   total 262144K, used 54040K [0x00000000e0000000, 0x0000000100000000)
  region size 1024K, 10 young (10240K), 10 survivors (10240K)
 Metaspace       used 62247K, committed 62784K, reserved 270336K
  class space    used 8254K, committed 8512K, reserved 212992K
}
Event: 9281.084 GC heap before
{Heap before GC invocations=13 (full 0):
 garbage-first heap   total 262144K, used 199448K [0x00000000e0000000, 0x0000000100000000)
  region size 1024K, 153 young (156672K), 10 survivors (10240K)
 Metaspace       used 64188K, committed 64768K, reserved 270336K
  class space    used 8511K, committed 8768K, reserved 212992K
}
Event: 9281.090 GC heap after
{Heap after GC invocations=14 (full 0):
 garbage-first heap   total 262144K, used 53101K [0x00000000e0000000, 0x0000000100000000)
  region size 1024K, 9 young (9216K), 9 survivors (9216K)
 Metaspace       used 64188K, committed 64768K, reserved 270336K
  class space    used 8511K, committed 8768K, reserved 212992K
}

