# JRE version: OpenJDK Runtime Environment AdoptOpenJDK-16.0.1+9 (16.0.1+9) (build 16.0.1+9)
# Java VM: OpenJDK 64-Bit Server VM AdoptOpenJDK-16.0.1+9 (16.0.1+9, mixed mode, sharing, tiered, compressed oops, compressed class ptrs, g1 gc, windows-amd64)
GC Precious Log:
 CPUs: 6 total, 6 available
 Memory: 16219M
 Large Page Support: Disabled
 NUMA Support: Disabled
 Compressed Oops: Enabled (32-bit)
 Heap Region Size: 1M
 Heap Min Capacity: 256M
 Heap Initial Capacity: 256M
 Heap Max Capacity: 512M
 Pre-touch: Disabled
 Parallel Workers: 6
 Concurrent Workers: 2
 Concurrent Refinement Workers: 6
 Periodic GC: Disabled
Heap:
 garbage-first heap   total 262144K, used 58774K [0x00000000e0000000, 0x0000000100000000)
  region size 1024K, 40 young (40960K), 20 survivors (20480K)
 Metaspace       used 55849K, committed 56320K, reserved 262144K
  class space    used 7600K, committed 7808K, reserved 212992K
GC Heap History (10 events):
Event: 0.399 GC heap before
{Heap before GC invocations=0 (full 0):
 garbage-first heap   total 262144K, used 26624K [0x00000000e0000000, 0x0000000100000000)
  region size 1024K, 21 young (21504K), 0 survivors (0K)
 Metaspace       used 3148K, committed 3328K, reserved 221184K
  class space    used 378K, committed 448K, reserved 212992K
}
Event: 0.401 GC heap after
{Heap after GC invocations=1 (full 0):
 garbage-first heap   total 262144K, used 9340K [0x00000000e0000000, 0x0000000100000000)
  region size 1024K, 3 young (3072K), 3 survivors (3072K)
 Metaspace       used 3148K, committed 3328K, reserved 221184K
  class space    used 378K, committed 448K, reserved 212992K
}
Event: 0.643 GC heap before
{Heap before GC invocations=1 (full 0):
 garbage-first heap   total 262144K, used 32892K [0x00000000e0000000, 0x0000000100000000)
  region size 1024K, 26 young (26624K), 3 survivors (3072K)
 Metaspace       used 4121K, committed 4288K, reserved 221184K
  class space    used 481K, committed 576K, reserved 212992K
}
Event: 0.645 GC heap after
{Heap after GC invocations=2 (full 0):
 garbage-first heap   total 262144K, used 9801K [0x00000000e0000000, 0x0000000100000000)
  region size 1024K, 1 young (1024K), 1 survivors (1024K)
 Metaspace       used 4121K, committed 4288K, reserved 221184K
  class space    used 481K, committed 576K, reserved 212992K
}
Event: 1.965 GC heap before
{Heap before GC invocations=2 (full 0):
 garbage-first heap   total 262144K, used 120393K [0x00000000e0000000, 0x0000000100000000)
  region size 1024K, 110 young (112640K), 1 survivors (1024K)
 Metaspace       used 20970K, committed 21248K, reserved 237568K
  class space    used 3031K, committed 3200K, reserved 212992K
}
Event: 1.971 GC heap after
{Heap after GC invocations=3 (full 0):
 garbage-first heap   total 262144K, used 19922K [0x00000000e0000000, 0x0000000100000000)
  region size 1024K, 11 young (11264K), 11 survivors (11264K)
 Metaspace       used 20970K, committed 21248K, reserved 237568K
  class space    used 3031K, committed 3200K, reserved 212992K
}
Event: 2.927 GC heap before
{Heap before GC invocations=4 (full 0):
 garbage-first heap   total 262144K, used 120274K [0x00000000e0000000, 0x0000000100000000)
  region size 1024K, 107 young (109568K), 11 survivors (11264K)
 Metaspace       used 35109K, committed 35520K, reserved 245760K
  class space    used 4646K, committed 4864K, reserved 212992K
}
Event: 2.935 GC heap after
{Heap after GC invocations=5 (full 0):
 garbage-first heap   total 262144K, used 28151K [0x00000000e0000000, 0x0000000100000000)
  region size 1024K, 18 young (18432K), 18 survivors (18432K)
 Metaspace       used 35109K, committed 35520K, reserved 245760K
  class space    used 4646K, committed 4864K, reserved 212992K
}
Event: 4.895 GC heap before
{Heap before GC invocations=6 (full 0):
 garbage-first heap   total 262144K, used 165367K [0x00000000e0000000, 0x0000000100000000)
  region size 1024K, 153 young (156672K), 18 survivors (18432K)
 Metaspace       used 54015K, committed 54528K, reserved 262144K
  class space    used 7372K, committed 7616K, reserved 212992K
}
Event: 4.908 GC heap after
{Heap after GC invocations=7 (full 0):
 garbage-first heap   total 262144K, used 39318K [0x00000000e0000000, 0x0000000100000000)
  region size 1024K, 20 young (20480K), 20 survivors (20480K)
 Metaspace       used 54015K, committed 54528K, reserved 262144K
  class space    used 7372K, committed 7616K, reserved 212992K
}

