# JRE version: OpenJDK Runtime Environment AdoptOpenJDK-16.0.1+9 (16.0.1+9) (build 16.0.1+9)
# Java VM: OpenJDK 64-Bit Server VM AdoptOpenJDK-16.0.1+9 (16.0.1+9, mixed mode, sharing, tiered, compressed oops, compressed class ptrs, g1 gc, windows-amd64)
GC Precious Log:
 CPUs: 6 total, 6 available
 Memory: 16219M
 Large Page Support: Disabled
 NUMA Support: Disabled
 Compressed Oops: Enabled (32-bit)
 Heap Region Size: 1M
 Heap Min Capacity: 256M
 Heap Initial Capacity: 256M
 Heap Max Capacity: 512M
 Pre-touch: Disabled
 Parallel Workers: 6
 Concurrent Workers: 2
 Concurrent Refinement Workers: 6
 Periodic GC: Disabled
Heap:
 garbage-first heap   total 262144K, used 88302K [0x00000000e0000000, 0x0000000100000000)
  region size 1024K, 64 young (65536K), 20 survivors (20480K)
 Metaspace       used 56805K, committed 57344K, reserved 270336K
  class space    used 7662K, committed 7936K, reserved 212992K
GC Heap History (10 events):
Event: 0.427 GC heap before
{Heap before GC invocations=0 (full 0):
 garbage-first heap   total 262144K, used 26624K [0x00000000e0000000, 0x0000000100000000)
  region size 1024K, 21 young (21504K), 0 survivors (0K)
 Metaspace       used 3198K, committed 3328K, reserved 221184K
  class space    used 385K, committed 448K, reserved 212992K
}
Event: 0.429 GC heap after
{Heap after GC invocations=1 (full 0):
 garbage-first heap   total 262144K, used 9152K [0x00000000e0000000, 0x0000000100000000)
  region size 1024K, 3 young (3072K), 3 survivors (3072K)
 Metaspace       used 3198K, committed 3328K, reserved 221184K
  class space    used 385K, committed 448K, reserved 212992K
}
Event: 0.676 GC heap before
{Heap before GC invocations=1 (full 0):
 garbage-first heap   total 262144K, used 33728K [0x00000000e0000000, 0x0000000100000000)
  region size 1024K, 27 young (27648K), 3 survivors (3072K)
 Metaspace       used 4118K, committed 4288K, reserved 221184K
  class space    used 480K, committed 576K, reserved 212992K
}
Event: 0.678 GC heap after
{Heap after GC invocations=2 (full 0):
 garbage-first heap   total 262144K, used 9698K [0x00000000e0000000, 0x0000000100000000)
  region size 1024K, 1 young (1024K), 1 survivors (1024K)
 Metaspace       used 4118K, committed 4288K, reserved 221184K
  class space    used 480K, committed 576K, reserved 212992K
}
Event: 2.063 GC heap before
{Heap before GC invocations=2 (full 0):
 garbage-first heap   total 262144K, used 120290K [0x00000000e0000000, 0x0000000100000000)
  region size 1024K, 110 young (112640K), 1 survivors (1024K)
 Metaspace       used 20965K, committed 21248K, reserved 237568K
  class space    used 3026K, committed 3200K, reserved 212992K
}
Event: 2.068 GC heap after
{Heap after GC invocations=3 (full 0):
 garbage-first heap   total 262144K, used 19784K [0x00000000e0000000, 0x0000000100000000)
  region size 1024K, 11 young (11264K), 11 survivors (11264K)
 Metaspace       used 20965K, committed 21248K, reserved 237568K
  class space    used 3026K, committed 3200K, reserved 212992K
}
Event: 3.122 GC heap before
{Heap before GC invocations=4 (full 0):
 garbage-first heap   total 262144K, used 120136K [0x00000000e0000000, 0x0000000100000000)
  region size 1024K, 107 young (109568K), 11 survivors (11264K)
 Metaspace       used 35108K, committed 35520K, reserved 245760K
  class space    used 4645K, committed 4864K, reserved 212992K
}
Event: 3.129 GC heap after
{Heap after GC invocations=5 (full 0):
 garbage-first heap   total 262144K, used 28034K [0x00000000e0000000, 0x0000000100000000)
  region size 1024K, 18 young (18432K), 18 survivors (18432K)
 Metaspace       used 35108K, committed 35520K, reserved 245760K
  class space    used 4645K, committed 4864K, reserved 212992K
}
Event: 5.402 GC heap before
{Heap before GC invocations=6 (full 0):
 garbage-first heap   total 262144K, used 165250K [0x00000000e0000000, 0x0000000100000000)
  region size 1024K, 153 young (156672K), 18 survivors (18432K)
 Metaspace       used 53667K, committed 54208K, reserved 262144K
  class space    used 7305K, committed 7552K, reserved 212992K
}
Event: 5.420 GC heap after
{Heap after GC invocations=7 (full 0):
 garbage-first heap   total 262144K, used 44270K [0x00000000e0000000, 0x0000000100000000)
  region size 1024K, 20 young (20480K), 20 survivors (20480K)
 Metaspace       used 53667K, committed 54208K, reserved 262144K
  class space    used 7305K, committed 7552K, reserved 212992K
}

