# JRE version: OpenJDK Runtime Environment (11.0.10) (build 11.0.10+0-b96-7249189)
# Java VM: OpenJDK 64-Bit Server VM (11.0.10+0-b96-7249189, mixed mode, tiered, compressed oops, g1 gc, windows-amd64)
Heap:
 garbage-first heap   total 260096K, used 99666K [0x0000000080000000, 0x0000000100000000)
  region size 1024K, 36 young (36864K), 8 survivors (8192K)
 Metaspace       used 86464K, capacity 88727K, committed 89036K, reserved 1126400K
  class space    used 11002K, capacity 11841K, committed 11980K, reserved 1048576K
GC Heap History (20 events):
Event: 0.447 GC heap before
{Heap before GC invocations=0 (full 0):
 garbage-first heap   total 260096K, used 28672K [0x0000000080000000, 0x0000000100000000)
  region size 1024K, 22 young (22528K), 0 survivors (0K)
 Metaspace       used 9933K, capacity 10192K, committed 10368K, reserved 1058816K
  class space    used 1031K, capacity 1105K, committed 1152K, reserved 1048576K
}
Event: 0.450 GC heap after
{Heap after GC invocations=1 (full 0):
 garbage-first heap   total 260096K, used 9313K [0x0000000080000000, 0x0000000100000000)
  region size 1024K, 3 young (3072K), 3 survivors (3072K)
 Metaspace       used 9933K, capacity 10192K, committed 10368K, reserved 1058816K
  class space    used 1031K, capacity 1105K, committed 1152K, reserved 1048576K
}
Event: 1.429 GC heap before
{Heap before GC invocations=1 (full 0):
 garbage-first heap   total 260096K, used 108641K [0x0000000080000000, 0x0000000100000000)
  region size 1024K, 101 young (103424K), 3 survivors (3072K)
 Metaspace       used 20582K, capacity 21120K, committed 21248K, reserved 1067008K
  class space    used 2518K, capacity 2722K, committed 2816K, reserved 1048576K
}
Event: 1.436 GC heap after
{Heap after GC invocations=2 (full 0):
 garbage-first heap   total 260096K, used 16375K [0x0000000080000000, 0x0000000100000000)
  region size 1024K, 10 young (10240K), 10 survivors (10240K)
 Metaspace       used 20582K, capacity 21120K, committed 21248K, reserved 1067008K
  class space    used 2518K, capacity 2722K, committed 2816K, reserved 1048576K
}
Event: 1.653 GC heap before
{Heap before GC invocations=3 (full 0):
 garbage-first heap   total 260096K, used 52215K [0x0000000080000000, 0x0000000100000000)
  region size 1024K, 45 young (46080K), 10 survivors (10240K)
 Metaspace       used 23974K, capacity 24662K, committed 24832K, reserved 1071104K
  class space    used 3075K, capacity 3289K, committed 3328K, reserved 1048576K
}
Event: 1.657 GC heap after
{Heap after GC invocations=4 (full 0):
 garbage-first heap   total 260096K, used 17777K [0x0000000080000000, 0x0000000100000000)
  region size 1024K, 2 young (2048K), 2 survivors (2048K)
 Metaspace       used 23974K, capacity 24662K, committed 24832K, reserved 1071104K
  class space    used 3075K, capacity 3289K, committed 3328K, reserved 1048576K
}
Event: 2.312 GC heap before
{Heap before GC invocations=4 (full 0):
 garbage-first heap   total 260096K, used 94577K [0x0000000080000000, 0x0000000100000000)
  region size 1024K, 77 young (78848K), 2 survivors (2048K)
 Metaspace       used 34945K, capacity 35758K, committed 35840K, reserved 1081344K
  class space    used 4540K, capacity 4864K, committed 4864K, reserved 1048576K
}
Event: 2.316 GC heap after
{Heap after GC invocations=5 (full 0):
 garbage-first heap   total 260096K, used 21663K [0x0000000080000000, 0x0000000100000000)
  region size 1024K, 6 young (6144K), 6 survivors (6144K)
 Metaspace       used 34945K, capacity 35758K, committed 35840K, reserved 1081344K
  class space    used 4540K, capacity 4864K, committed 4864K, reserved 1048576K
}
Event: 2.320 GC heap before
{Heap before GC invocations=5 (full 0):
 garbage-first heap   total 260096K, used 21663K [0x0000000080000000, 0x0000000100000000)
  region size 1024K, 7 young (7168K), 6 survivors (6144K)
 Metaspace       used 35057K, capacity 35822K, committed 35840K, reserved 1081344K
  class space    used 4550K, capacity 4864K, committed 4864K, reserved 1048576K
}
Event: 2.324 GC heap after
{Heap after GC invocations=6 (full 0):
 garbage-first heap   total 260096K, used 21733K [0x0000000080000000, 0x0000000100000000)
  region size 1024K, 6 young (6144K), 6 survivors (6144K)
 Metaspace       used 35057K, capacity 35822K, committed 35840K, reserved 1081344K
  class space    used 4550K, capacity 4864K, committed 4864K, reserved 1048576K
}
Event: 3.095 GC heap before
{Heap before GC invocations=7 (full 0):
 garbage-first heap   total 260096K, used 143589K [0x0000000080000000, 0x0000000100000000)
  region size 1024K, 122 young (124928K), 6 survivors (6144K)
 Metaspace       used 44360K, capacity 45413K, committed 45644K, reserved 1089536K
  class space    used 5701K, capacity 6111K, committed 6220K, reserved 1048576K
}
Event: 3.102 GC heap after
{Heap after GC invocations=8 (full 0):
 garbage-first heap   total 260096K, used 28377K [0x0000000080000000, 0x0000000100000000)
  region size 1024K, 12 young (12288K), 12 survivors (12288K)
 Metaspace       used 44360K, capacity 45413K, committed 45644K, reserved 1089536K
  class space    used 5701K, capacity 6111K, committed 6220K, reserved 1048576K
}
Event: 4.295 GC heap before
{Heap before GC invocations=8 (full 0):
 garbage-first heap   total 260096K, used 169689K [0x0000000080000000, 0x0000000100000000)
  region size 1024K, 147 young (150528K), 12 survivors (12288K)
 Metaspace       used 58636K, capacity 60144K, committed 60236K, reserved 1101824K
  class space    used 7419K, capacity 7973K, committed 8012K, reserved 1048576K
}
Event: 4.312 GC heap after
{Heap after GC invocations=9 (full 0):
 garbage-first heap   total 260096K, used 43777K [0x0000000080000000, 0x0000000100000000)
  region size 1024K, 18 young (18432K), 18 survivors (18432K)
 Metaspace       used 58636K, capacity 60144K, committed 60236K, reserved 1101824K
  class space    used 7419K, capacity 7973K, committed 8012K, reserved 1048576K
}
Event: 5.246 GC heap before
{Heap before GC invocations=10 (full 0):
 garbage-first heap   total 260096K, used 176897K [0x0000000080000000, 0x0000000100000000)
  region size 1024K, 148 young (151552K), 18 survivors (18432K)
 Metaspace       used 70428K, capacity 72054K, committed 72268K, reserved 1112064K
  class space    used 9096K, capacity 9697K, committed 9804K, reserved 1048576K
}
Event: 5.259 GC heap after
{Heap after GC invocations=11 (full 0):
 garbage-first heap   total 260096K, used 54451K [0x0000000080000000, 0x0000000100000000)
  region size 1024K, 12 young (12288K), 12 survivors (12288K)
 Metaspace       used 70428K, capacity 72054K, committed 72268K, reserved 1112064K
  class space    used 9096K, capacity 9697K, committed 9804K, reserved 1048576K
}
Event: 6.275 GC heap before
{Heap before GC invocations=11 (full 0):
 garbage-first heap   total 260096K, used 182451K [0x0000000080000000, 0x0000000100000000)
  region size 1024K, 138 young (141312K), 12 survivors (12288K)
 Metaspace       used 81534K, capacity 83714K, committed 83916K, reserved 1122304K
  class space    used 10602K, capacity 11431K, committed 11468K, reserved 1048576K
}
Event: 6.286 GC heap after
{Heap after GC invocations=12 (full 0):
 garbage-first heap   total 260096K, used 64991K [0x0000000080000000, 0x0000000100000000)
  region size 1024K, 11 young (11264K), 11 survivors (11264K)
 Metaspace       used 81534K, capacity 83714K, committed 83916K, reserved 1122304K
  class space    used 10602K, capacity 11431K, committed 11468K, reserved 1048576K
}
Event: 8.030 GC heap before
{Heap before GC invocations=12 (full 0):
 garbage-first heap   total 260096K, used 188895K [0x0000000080000000, 0x0000000100000000)
  region size 1024K, 133 young (136192K), 11 survivors (11264K)
 Metaspace       used 82924K, capacity 85178K, committed 85324K, reserved 1122304K
  class space    used 10695K, capacity 11515K, committed 11596K, reserved 1048576K
}
Event: 8.040 GC heap after
{Heap after GC invocations=13 (full 0):
 garbage-first heap   total 260096K, used 72018K [0x0000000080000000, 0x0000000100000000)
  region size 1024K, 8 young (8192K), 8 survivors (8192K)
 Metaspace       used 82924K, capacity 85178K, committed 85324K, reserved 1122304K
  class space    used 10695K, capacity 11515K, committed 11596K, reserved 1048576K
}

