# JRE version: OpenJDK Runtime Environment AdoptOpenJDK-16.0.1+9 (16.0.1+9) (build 16.0.1+9)
# Java VM: OpenJDK 64-Bit Server VM AdoptOpenJDK-16.0.1+9 (16.0.1+9, mixed mode, sharing, tiered, compressed oops, compressed class ptrs, g1 gc, windows-amd64)
GC Precious Log:
 CPUs: 6 total, 6 available
 Memory: 16219M
 Large Page Support: Disabled
 NUMA Support: Disabled
 Compressed Oops: Enabled (32-bit)
 Heap Region Size: 1M
 Heap Min Capacity: 256M
 Heap Initial Capacity: 256M
 Heap Max Capacity: 512M
 Pre-touch: Disabled
 Parallel Workers: 6
 Concurrent Workers: 2
 Concurrent Refinement Workers: 6
 Periodic GC: Disabled
Heap:
 garbage-first heap   total 262144K, used 64316K [0x00000000e0000000, 0x0000000100000000)
  region size 1024K, 22 young (22528K), 6 survivors (6144K)
 Metaspace       used 59370K, committed 59968K, reserved 270336K
  class space    used 7715K, committed 8000K, reserved 212992K
GC Heap History (20 events):
Event: 0.435 GC heap before
{Heap before GC invocations=0 (full 0):
 garbage-first heap   total 262144K, used 26624K [0x00000000e0000000, 0x0000000100000000)
  region size 1024K, 21 young (21504K), 0 survivors (0K)
 Metaspace       used 3183K, committed 3328K, reserved 221184K
  class space    used 380K, committed 448K, reserved 212992K
}
Event: 0.437 GC heap after
{Heap after GC invocations=1 (full 0):
 garbage-first heap   total 262144K, used 9057K [0x00000000e0000000, 0x0000000100000000)
  region size 1024K, 3 young (3072K), 3 survivors (3072K)
 Metaspace       used 3183K, committed 3328K, reserved 221184K
  class space    used 380K, committed 448K, reserved 212992K
}
Event: 0.679 GC heap before
{Heap before GC invocations=1 (full 0):
 garbage-first heap   total 262144K, used 32609K [0x00000000e0000000, 0x0000000100000000)
  region size 1024K, 26 young (26624K), 3 survivors (3072K)
 Metaspace       used 4124K, committed 4288K, reserved 221184K
  class space    used 481K, committed 576K, reserved 212992K
}
Event: 0.680 GC heap after
{Heap after GC invocations=2 (full 0):
 garbage-first heap   total 262144K, used 9774K [0x00000000e0000000, 0x0000000100000000)
  region size 1024K, 1 young (1024K), 1 survivors (1024K)
 Metaspace       used 4124K, committed 4288K, reserved 221184K
  class space    used 481K, committed 576K, reserved 212992K
}
Event: 2.116 GC heap before
{Heap before GC invocations=2 (full 0):
 garbage-first heap   total 262144K, used 121390K [0x00000000e0000000, 0x0000000100000000)
  region size 1024K, 111 young (113664K), 1 survivors (1024K)
 Metaspace       used 20966K, committed 21248K, reserved 237568K
  class space    used 3024K, committed 3200K, reserved 212992K
}
Event: 2.122 GC heap after
{Heap after GC invocations=3 (full 0):
 garbage-first heap   total 262144K, used 19901K [0x00000000e0000000, 0x0000000100000000)
  region size 1024K, 11 young (11264K), 11 survivors (11264K)
 Metaspace       used 20966K, committed 21248K, reserved 237568K
  class space    used 3024K, committed 3200K, reserved 212992K
}
Event: 3.311 GC heap before
{Heap before GC invocations=4 (full 0):
 garbage-first heap   total 262144K, used 119229K [0x00000000e0000000, 0x0000000100000000)
  region size 1024K, 106 young (108544K), 11 survivors (11264K)
 Metaspace       used 35140K, committed 35520K, reserved 245760K
  class space    used 4645K, committed 4864K, reserved 212992K
}
Event: 3.319 GC heap after
{Heap after GC invocations=5 (full 0):
 garbage-first heap   total 262144K, used 28588K [0x00000000e0000000, 0x0000000100000000)
  region size 1024K, 19 young (19456K), 19 survivors (19456K)
 Metaspace       used 35140K, committed 35520K, reserved 245760K
  class space    used 4645K, committed 4864K, reserved 212992K
}
Event: 5.324 GC heap before
{Heap before GC invocations=6 (full 0):
 garbage-first heap   total 262144K, used 165804K [0x00000000e0000000, 0x0000000100000000)
  region size 1024K, 153 young (156672K), 19 survivors (19456K)
 Metaspace       used 53488K, committed 53952K, reserved 262144K
  class space    used 7278K, committed 7488K, reserved 212992K
}
Event: 5.341 GC heap after
{Heap after GC invocations=7 (full 0):
 garbage-first heap   total 262144K, used 43502K [0x00000000e0000000, 0x0000000100000000)
  region size 1024K, 20 young (20480K), 20 survivors (20480K)
 Metaspace       used 53488K, committed 53952K, reserved 262144K
  class space    used 7278K, committed 7488K, reserved 212992K
}
Event: 1549.899 GC heap before
{Heap before GC invocations=7 (full 0):
 garbage-first heap   total 262144K, used 178670K [0x00000000e0000000, 0x0000000100000000)
  region size 1024K, 153 young (156672K), 20 survivors (20480K)
 Metaspace       used 57115K, committed 57792K, reserved 270336K
  class space    used 7531K, committed 7872K, reserved 212992K
}
Event: 1549.909 GC heap after
{Heap after GC invocations=8 (full 0):
 garbage-first heap   total 262144K, used 45865K [0x00000000e0000000, 0x0000000100000000)
  region size 1024K, 4 young (4096K), 4 survivors (4096K)
 Metaspace       used 57115K, committed 57792K, reserved 270336K
  class space    used 7531K, committed 7872K, reserved 212992K
}
Event: 6994.903 GC heap before
{Heap before GC invocations=8 (full 0):
 garbage-first heap   total 262144K, used 193321K [0x00000000e0000000, 0x0000000100000000)
  region size 1024K, 148 young (151552K), 4 survivors (4096K)
 Metaspace       used 57192K, committed 57856K, reserved 270336K
  class space    used 7533K, committed 7872K, reserved 212992K
}
Event: 6994.915 GC heap after
{Heap after GC invocations=9 (full 0):
 garbage-first heap   total 262144K, used 44390K [0x00000000e0000000, 0x0000000100000000)
  region size 1024K, 3 young (3072K), 3 survivors (3072K)
 Metaspace       used 57192K, committed 57856K, reserved 270336K
  class space    used 7533K, committed 7872K, reserved 212992K
}
Event: 10553.875 GC heap before
{Heap before GC invocations=9 (full 0):
 garbage-first heap   total 262144K, used 196966K [0x00000000e0000000, 0x0000000100000000)
  region size 1024K, 153 young (156672K), 3 survivors (3072K)
 Metaspace       used 57990K, committed 58688K, reserved 270336K
  class space    used 7572K, committed 7936K, reserved 212992K
}
Event: 10553.880 GC heap after
{Heap after GC invocations=10 (full 0):
 garbage-first heap   total 262144K, used 44786K [0x00000000e0000000, 0x0000000100000000)
  region size 1024K, 3 young (3072K), 3 survivors (3072K)
 Metaspace       used 57990K, committed 58688K, reserved 270336K
  class space    used 7572K, committed 7936K, reserved 212992K
}
Event: 14849.033 GC heap before
{Heap before GC invocations=10 (full 0):
 garbage-first heap   total 262144K, used 197362K [0x00000000e0000000, 0x0000000100000000)
  region size 1024K, 153 young (156672K), 3 survivors (3072K)
 Metaspace       used 58273K, committed 58944K, reserved 270336K
  class space    used 7576K, committed 7936K, reserved 212992K
}
Event: 14849.054 GC heap after
{Heap after GC invocations=11 (full 0):
 garbage-first heap   total 262144K, used 53574K [0x00000000e0000000, 0x0000000100000000)
  region size 1024K, 12 young (12288K), 12 survivors (12288K)
 Metaspace       used 58273K, committed 58944K, reserved 270336K
  class space    used 7576K, committed 7936K, reserved 212992K
}
Event: 14849.557 GC heap before
{Heap before GC invocations=11 (full 0):
 garbage-first heap   total 262144K, used 61766K [0x00000000e0000000, 0x0000000100000000)
  region size 1024K, 22 young (22528K), 12 survivors (12288K)
 Metaspace       used 58669K, committed 59328K, reserved 270336K
  class space    used 7636K, committed 7936K, reserved 212992K
}
Event: 14849.561 GC heap after
{Heap after GC invocations=12 (full 0):
 garbage-first heap   total 262144K, used 48956K [0x00000000e0000000, 0x0000000100000000)
  region size 1024K, 6 young (6144K), 6 survivors (6144K)
 Metaspace       used 58669K, committed 59328K, reserved 270336K
  class space    used 7636K, committed 7936K, reserved 212992K
}

