# JRE version: OpenJDK Runtime Environment AdoptOpenJDK-16.0.1+9 (16.0.1+9) (build 16.0.1+9)
# Java VM: OpenJDK 64-Bit Server VM AdoptOpenJDK-16.0.1+9 (16.0.1+9, mixed mode, sharing, tiered, compressed oops, compressed class ptrs, g1 gc, windows-amd64)
GC Precious Log:
 CPUs: 6 total, 6 available
 Memory: 16219M
 Large Page Support: Disabled
 NUMA Support: Disabled
 Compressed Oops: Enabled (32-bit)
 Heap Region Size: 1M
 Heap Min Capacity: 256M
 Heap Initial Capacity: 256M
 Heap Max Capacity: 512M
 Pre-touch: Disabled
 Parallel Workers: 6
 Concurrent Workers: 2
 Concurrent Refinement Workers: 6
 Periodic GC: Disabled
Heap:
 garbage-first heap   total 262144K, used 194180K [0x00000000e0000000, 0x0000000100000000)
  region size 1024K, 138 young (141312K), 14 survivors (14336K)
 Metaspace       used 78628K, committed 80128K, reserved 286720K
  class space    used 9813K, committed 10432K, reserved 212992K
GC Heap History (20 events):
Event: 17430.973 GC heap before
{Heap before GC invocations=19 (full 0):
 garbage-first heap   total 262144K, used 200972K [0x00000000e0000000, 0x0000000100000000)
  region size 1024K, 153 young (156672K), 13 survivors (13312K)
 Metaspace       used 72144K, committed 73344K, reserved 278528K
  class space    used 9015K, committed 9600K, reserved 212992K
}
Event: 17430.981 GC heap after
{Heap after GC invocations=20 (full 0):
 garbage-first heap   total 262144K, used 61501K [0x00000000e0000000, 0x0000000100000000)
  region size 1024K, 13 young (13312K), 13 survivors (13312K)
 Metaspace       used 72144K, committed 73344K, reserved 278528K
  class space    used 9015K, committed 9600K, reserved 212992K
}
Event: 17590.734 GC heap before
{Heap before GC invocations=20 (full 0):
 garbage-first heap   total 262144K, used 203837K [0x00000000e0000000, 0x0000000100000000)
  region size 1024K, 153 young (156672K), 13 survivors (13312K)
 Metaspace       used 72858K, committed 74112K, reserved 278528K
  class space    used 9078K, committed 9664K, reserved 212992K
}
Event: 17590.741 GC heap after
{Heap after GC invocations=21 (full 0):
 garbage-first heap   total 262144K, used 60979K [0x00000000e0000000, 0x0000000100000000)
  region size 1024K, 6 young (6144K), 6 survivors (6144K)
 Metaspace       used 72858K, committed 74112K, reserved 278528K
  class space    used 9078K, committed 9664K, reserved 212992K
}
Event: 17726.928 GC heap before
{Heap before GC invocations=21 (full 0):
 garbage-first heap   total 262144K, used 210483K [0x00000000e0000000, 0x0000000100000000)
  region size 1024K, 153 young (156672K), 6 survivors (6144K)
 Metaspace       used 73763K, committed 75008K, reserved 286720K
  class space    used 9176K, committed 9728K, reserved 212992K
}
Event: 17726.932 GC heap after
{Heap after GC invocations=22 (full 0):
 garbage-first heap   total 262144K, used 61268K [0x00000000e0000000, 0x0000000100000000)
  region size 1024K, 6 young (6144K), 6 survivors (6144K)
 Metaspace       used 73763K, committed 75008K, reserved 286720K
  class space    used 9176K, committed 9728K, reserved 212992K
}
Event: 17898.539 GC heap before
{Heap before GC invocations=22 (full 0):
 garbage-first heap   total 262144K, used 210772K [0x00000000e0000000, 0x0000000100000000)
  region size 1024K, 153 young (156672K), 6 survivors (6144K)
 Metaspace       used 74536K, committed 75840K, reserved 286720K
  class space    used 9255K, committed 9856K, reserved 212992K
}
Event: 17898.542 GC heap after
{Heap after GC invocations=23 (full 0):
 garbage-first heap   total 262144K, used 60981K [0x00000000e0000000, 0x0000000100000000)
  region size 1024K, 6 young (6144K), 6 survivors (6144K)
 Metaspace       used 74536K, committed 75840K, reserved 286720K
  class space    used 9255K, committed 9856K, reserved 212992K
}
Event: 18063.802 GC heap before
{Heap before GC invocations=23 (full 0):
 garbage-first heap   total 262144K, used 210485K [0x00000000e0000000, 0x0000000100000000)
  region size 1024K, 153 young (156672K), 6 survivors (6144K)
 Metaspace       used 75231K, committed 76608K, reserved 286720K
  class space    used 9346K, committed 9920K, reserved 212992K
}
Event: 18063.809 GC heap after
{Heap after GC invocations=24 (full 0):
 garbage-first heap   total 262144K, used 60097K [0x00000000e0000000, 0x0000000100000000)
  region size 1024K, 5 young (5120K), 5 survivors (5120K)
 Metaspace       used 75231K, committed 76608K, reserved 286720K
  class space    used 9346K, committed 9920K, reserved 212992K
}
Event: 18459.473 GC heap before
{Heap before GC invocations=24 (full 0):
 garbage-first heap   total 262144K, used 210625K [0x00000000e0000000, 0x0000000100000000)
  region size 1024K, 153 young (156672K), 5 survivors (5120K)
 Metaspace       used 75846K, committed 77248K, reserved 286720K
  class space    used 9437K, committed 10048K, reserved 212992K
}
Event: 18459.477 GC heap after
{Heap after GC invocations=25 (full 0):
 garbage-first heap   total 262144K, used 60326K [0x00000000e0000000, 0x0000000100000000)
  region size 1024K, 5 young (5120K), 5 survivors (5120K)
 Metaspace       used 75846K, committed 77248K, reserved 286720K
  class space    used 9437K, committed 10048K, reserved 212992K
}
Event: 18857.340 GC heap before
{Heap before GC invocations=25 (full 0):
 garbage-first heap   total 262144K, used 210854K [0x00000000e0000000, 0x0000000100000000)
  region size 1024K, 153 young (156672K), 5 survivors (5120K)
 Metaspace       used 76489K, committed 77888K, reserved 286720K
  class space    used 9503K, committed 10112K, reserved 212992K
}
Event: 18857.343 GC heap after
{Heap after GC invocations=26 (full 0):
 garbage-first heap   total 262144K, used 60917K [0x00000000e0000000, 0x0000000100000000)
  region size 1024K, 6 young (6144K), 6 survivors (6144K)
 Metaspace       used 76489K, committed 77888K, reserved 286720K
  class space    used 9503K, committed 10112K, reserved 212992K
}
Event: 18927.267 GC heap before
{Heap before GC invocations=26 (full 0):
 garbage-first heap   total 262144K, used 210421K [0x00000000e0000000, 0x0000000100000000)
  region size 1024K, 153 young (156672K), 6 survivors (6144K)
 Metaspace       used 77112K, committed 78528K, reserved 286720K
  class space    used 9596K, committed 10176K, reserved 212992K
}
Event: 18927.271 GC heap after
{Heap after GC invocations=27 (full 0):
 garbage-first heap   total 262144K, used 65187K [0x00000000e0000000, 0x0000000100000000)
  region size 1024K, 10 young (10240K), 10 survivors (10240K)
 Metaspace       used 77112K, committed 78528K, reserved 286720K
  class space    used 9596K, committed 10176K, reserved 212992K
}
Event: 19283.625 GC heap before
{Heap before GC invocations=27 (full 0):
 garbage-first heap   total 262144K, used 210595K [0x00000000e0000000, 0x0000000100000000)
  region size 1024K, 153 young (156672K), 10 survivors (10240K)
 Metaspace       used 77599K, committed 79040K, reserved 286720K
  class space    used 9659K, committed 10240K, reserved 212992K
}
Event: 19283.629 GC heap after
{Heap after GC invocations=28 (full 0):
 garbage-first heap   total 262144K, used 61709K [0x00000000e0000000, 0x0000000100000000)
  region size 1024K, 7 young (7168K), 7 survivors (7168K)
 Metaspace       used 77599K, committed 79040K, reserved 286720K
  class space    used 9659K, committed 10240K, reserved 212992K
}
Event: 19635.140 GC heap before
{Heap before GC invocations=28 (full 0):
 garbage-first heap   total 262144K, used 210189K [0x00000000e0000000, 0x0000000100000000)
  region size 1024K, 153 young (156672K), 7 survivors (7168K)
 Metaspace       used 78231K, committed 79680K, reserved 286720K
  class space    used 9751K, committed 10368K, reserved 212992K
}
Event: 19635.147 GC heap after
{Heap after GC invocations=29 (full 0):
 garbage-first heap   total 262144K, used 69252K [0x00000000e0000000, 0x0000000100000000)
  region size 1024K, 14 young (14336K), 14 survivors (14336K)
 Metaspace       used 78231K, committed 79680K, reserved 286720K
  class space    used 9751K, committed 10368K, reserved 212992K
}

